
	*** Begin quantum chemistry on:   be_321g.inp

	Input file data:
	----------------
	task =  ccsd
	geom =  [[4, 0.0, 0.0, 0.0]]
	 basis = 

Element:  4
L =  0
   71.887600    0.064426
   10.728900    0.366096
    2.222050    0.695934
L =  0
    1.295480   -0.421064
    0.268881    1.224070
L =  0
    0.077350    1.000000
L =  1
    1.295480    0.205132
    0.268881    0.882528
L =  1
    0.077350    1.000000

	----------------



	*** Started AO integrals evaluation
integral evaluation...
4 0.0 0.0 0.0
AO basis dim =  9
enuc =  0.0
N(unique ERIs) =  1035
< 0 . | . . >
< 1 . | . . >
< 2 . | . . >
< 3 . | . . >
< 4 . | . . >
< 5 . | . . >
< 6 . | . . >
< 7 . | . . >
< 8 . | . . >
# nonzero ERIS =  1065
	*** Finished AO integrals evaluation

	*** Begin SCF iteration, convergence requested:  1e-08 a.u.
DIIS acceleration ON
E: -19.424906305082 a.u. 	Delta: 19.424906305082
E: -14.174784232308 a.u. 	Delta: 5.250122072774
E: -14.500546919698 a.u. 	Delta: 0.325762687390
E: -14.486626279730 a.u. 	Delta: 0.013920639968
E: -14.486821748253 a.u. 	Delta: 0.000195468523
E: -14.486818462194 a.u. 	Delta: 0.000003286059
E: -14.486819443987 a.u. 	Delta: 0.000000981793
E: -14.486820238005 a.u. 	Delta: 0.000000794018
E: -14.486820246546 a.u. 	Delta: 0.000000008541
NUMBER ITERATIONS:  8
		Final Fock matrix in AO basis   (9, 9)
 -4.6732  -0.9028  -0.9600   0.0000   0.0000   0.0000   0.0000   0.0000   0.0000
 -0.9028  -0.2708  -0.4794   0.0000   0.0000   0.0000   0.0000   0.0000   0.0000
 -0.9600  -0.4794  -0.4776   0.0000   0.0000   0.0000   0.0000   0.0000   0.0000
  0.0000   0.0000   0.0000   0.2470   0.0000   0.0000  -0.0125   0.0000   0.0000
  0.0000   0.0000   0.0000   0.0000   0.2470   0.0000   0.0000  -0.0125   0.0000
  0.0000   0.0000   0.0000   0.0000   0.0000   0.2470   0.0000   0.0000  -0.0125
  0.0000   0.0000   0.0000  -0.0125   0.0000   0.0000   0.0883   0.0000   0.0000
  0.0000   0.0000   0.0000   0.0000  -0.0125   0.0000   0.0000   0.0883   0.0000
  0.0000   0.0000   0.0000   0.0000   0.0000  -0.0125   0.0000   0.0000   0.0883


		Final Fock matrix in MO basis   (9, 9)
 -4.6884  -0.0000   0.0000   0.0000   0.0000   0.0000   0.0000   0.0000   0.0000
 -0.0000  -0.3056   0.0000   0.0000   0.0000   0.0000   0.0000   0.0000   0.0000
  0.0000   0.0000   0.0714  -0.0000   0.0000   0.0000   0.0000  -0.0000   0.0000
  0.0000   0.0000  -0.0000   0.0714   0.0000  -0.0000  -0.0000   0.0000   0.0000
  0.0000   0.0000   0.0000   0.0000   0.0714   0.0000  -0.0000  -0.0000   0.0000
  0.0000   0.0000   0.0000  -0.0000  -0.0000   0.4642   0.0000   0.0000   0.0000
  0.0000   0.0000   0.0000  -0.0000   0.0000   0.0000   0.4642  -0.0000   0.0000
  0.0000   0.0000  -0.0000   0.0000  -0.0000   0.0000  -0.0000   0.4642   0.0000
 -0.0000  -0.0000   0.0000   0.0000   0.0000   0.0000   0.0000   0.0000   0.5526


	RHF final molecular orbitals
	----------------------------
  N      E	Occ	Coefficients
  1   -4.6884    2    -0.9928    -0.0764     0.0287     0.0000     0.0000     0.0000     0.0000     0.0000     0.0000
  2   -0.3056    2    -0.2157     0.2293     0.8223     0.0000     0.0000     0.0000     0.0000     0.0000     0.0000
  3    0.0714    0     0.0000     0.0000     0.0000     0.1430    -0.1781     0.1173     0.4606    -0.5738     0.3778
  4    0.0714    0     0.0000     0.0000     0.0000    -0.2130    -0.1255     0.0691    -0.6863    -0.4044     0.2225
  5    0.0714    0     0.0000     0.0000     0.0000     0.0094    -0.1358    -0.2177     0.0304    -0.4375    -0.7013
  6    0.4642    0     0.0000     0.0000     0.0000     0.3654     0.7066     0.9119    -0.2777    -0.5371    -0.6932
  7    0.4642    0     0.0000     0.0000     0.0000     0.7686    -0.8624     0.3603    -0.5842     0.6556    -0.2739
  8    0.4642    0     0.0000     0.0000     0.0000    -0.8603    -0.4704     0.7092     0.6540     0.3576    -0.5391
  9    0.5526    0     0.0138    -1.6448     1.4560     0.0000     0.0000     0.0000     0.0000     0.0000     0.0000

Total E(RHF):  -14.486820238 a.u.
	*** End of SCF Iteration

	  Four-index transformation
	-----------------------------
	dim = 9         
	dim f =  (18, 18)
	dim V =  (18, 18, 18, 18)
	N^4 = 104976
	% of nonzero 2e ints: 18.12
	Done in 0.615 sec
	-----------------------------



	*** Begin CCSD calculation
E corr: -0.034117022425 a.u. 	DeltaE: 0.034117022425
E corr: -0.039301616287 a.u. 	DeltaE: 0.005184593862
E corr: -0.041897684034 a.u. 	DeltaE: 0.002596067747
E corr: -0.043216352341 a.u. 	DeltaE: 0.001318668307
E corr: -0.043889912584 a.u. 	DeltaE: 0.000673560243
E corr: -0.044234755341 a.u. 	DeltaE: 0.000344842757
E corr: -0.044411503141 a.u. 	DeltaE: 0.000176747800
E corr: -0.044502158154 a.u. 	DeltaE: 0.000090655013
E corr: -0.044548679853 a.u. 	DeltaE: 0.000046521699
E corr: -0.044572563445 a.u. 	DeltaE: 0.000023883592
E corr: -0.044584829071 a.u. 	DeltaE: 0.000012265626
E corr: -0.044591129893 a.u. 	DeltaE: 0.000006300822
E corr: -0.044594367306 a.u. 	DeltaE: 0.000003237414
E corr: -0.044596030998 a.u. 	DeltaE: 0.000001663691
E corr: -0.044596886074 a.u. 	DeltaE: 0.000000855076
E corr: -0.044597325596 a.u. 	DeltaE: 0.000000439523
E corr: -0.044597551536 a.u. 	DeltaE: 0.000000225940
E corr: -0.044597667689 a.u. 	DeltaE: 0.000000116153
E corr: -0.044597727404 a.u. 	DeltaE: 0.000000059716
E corr: -0.044597758106 a.u. 	DeltaE: 0.000000030702
E corr: -0.044597773891 a.u. 	DeltaE: 0.000000015785
TOTAL ITERATIONS:  21
E(CCSD): -14.53141802 a.u.
	*** End CCSD calculation
