
	*** Begin quantum chemistry on:   be_sto3g.inp

	Input file data:
	----------------
	task =  ccsd
	geom =  [[4, 0.0, 0.0, 0.0]]
	 basis = 

Element:  4
L =  0
   30.167871    0.154329
    5.495115    0.535328
    1.487193    0.444635
L =  0
    1.314833   -0.099967
    0.305539    0.399513
    0.099371    0.700115
L =  1
    1.314833    0.155916
    0.305539    0.607684
    0.099371    0.391957

	----------------



	*** Started AO integrals evaluation
integral evaluation...
4 0.0 0.0 0.0
AO basis dim =  5
enuc =  0.0
N(unique ERIs) =  120
< 0 . | . . >
< 1 . | . . >
< 2 . | . . >
< 3 . | . . >
< 4 . | . . >
# nonzero ERIS =  109
	*** Finished AO integrals evaluation

	*** Begin SCF iteration, convergence requested:  1e-08 a.u.
DIIS acceleration ON
E: -19.227701351744 a.u. 	Delta: 19.227701351744
E: -14.351880468851 a.u. 	Delta: 4.875820882893
E: -14.351880468851 a.u. 	Delta: 0.000000000000
NUMBER ITERATIONS:  2
		Final Fock matrix in AO basis   (5, 5)
 -4.4813  -1.2661   0.0000   0.0000   0.0000
 -1.2661  -0.5948   0.0000   0.0000   0.0000
  0.0000   0.0000   0.2211   0.0000   0.0000
  0.0000   0.0000   0.0000   0.2211   0.0000
  0.0000   0.0000   0.0000   0.0000   0.2211


		Final Fock matrix in MO basis   (5, 5)
 -4.4840   0.0000   0.0000   0.0000   0.0000
 -0.0000  -0.2540   0.0000   0.0000   0.0000
  0.0000   0.0000   0.2211   0.0000   0.0000
  0.0000   0.0000   0.0000   0.2211   0.0000
  0.0000   0.0000   0.0000   0.0000   0.2211


	RHF final molecular orbitals
	----------------------------
  N      E	Occ	Coefficients
  1   -4.4840    2    -0.9929    -0.0261     0.0000     0.0000     0.0000
  2   -0.2540    2     0.2939    -1.0351     0.0000     0.0000     0.0000
  3    0.2211    0     0.0000     0.0000     1.0000     0.0000     0.0000
  4    0.2211    0     0.0000     0.0000     0.0000     1.0000     0.0000
  5    0.2211    0     0.0000     0.0000     0.0000     0.0000     1.0000

Total E(RHF):  -14.3518804689 a.u.
	*** End of SCF Iteration

	  Four-index transformation
	-----------------------------
	dim = 5         
	dim f =  (10, 10)
	dim V =  (10, 10, 10, 10)
	N^4 = 10000
	% of nonzero 2e ints: 5.84
	Done in 0.058 sec
	-----------------------------



	*** Begin CCSD calculation
E corr: -0.037762960270 a.u. 	DeltaE: 0.037762960270
E corr: -0.044784899382 a.u. 	DeltaE: 0.007021939112
E corr: -0.048334164256 a.u. 	DeltaE: 0.003549264874
E corr: -0.050092188630 a.u. 	DeltaE: 0.001758024374
E corr: -0.050953725998 a.u. 	DeltaE: 0.000861537367
E corr: -0.051373661459 a.u. 	DeltaE: 0.000419935462
E corr: -0.051577803481 a.u. 	DeltaE: 0.000204142022
E corr: -0.051676912851 a.u. 	DeltaE: 0.000099109370
E corr: -0.051724999041 a.u. 	DeltaE: 0.000048086190
E corr: -0.051748322423 a.u. 	DeltaE: 0.000023323382
E corr: -0.051759633329 a.u. 	DeltaE: 0.000011310906
E corr: -0.051765118265 a.u. 	DeltaE: 0.000005484936
E corr: -0.051767777951 a.u. 	DeltaE: 0.000002659686
E corr: -0.051769067630 a.u. 	DeltaE: 0.000001289679
E corr: -0.051769692989 a.u. 	DeltaE: 0.000000625359
E corr: -0.051769996221 a.u. 	DeltaE: 0.000000303232
E corr: -0.051770143256 a.u. 	DeltaE: 0.000000147035
E corr: -0.051770214552 a.u. 	DeltaE: 0.000000071296
E corr: -0.051770249123 a.u. 	DeltaE: 0.000000034571
E corr: -0.051770265886 a.u. 	DeltaE: 0.000000016763
TOTAL ITERATIONS:  20
E(CCSD): -14.40365074 a.u.
	*** End CCSD calculation
